<?xml version="1.0" encoding="UTF-8" ?>
<testsuites name="vitest tests" tests="15" failures="0" errors="0" time="0.0124241">
    <testsuite name="tests/auth/auth.service.test.ts" timestamp="2025-11-24T09:14:11.667Z" hostname="CLEMENT" tests="8" failures="0" errors="0" skipped="0" time="0.0047723">
        <testcase classname="tests/auth/auth.service.test.ts" name="auth.service &gt; login envoie les credentials à la bonne route" time="0.0018203">
        </testcase>
        <testcase classname="tests/auth/auth.service.test.ts" name="auth.service &gt; register appelle POST /register avec le payload" time="0.0002914">
        </testcase>
        <testcase classname="tests/auth/auth.service.test.ts" name="auth.service &gt; fetchProfile envoie le header Authorization" time="0.0003058">
        </testcase>
        <testcase classname="tests/auth/auth.service.test.ts" name="auth.service &gt; updateProfile patch /me et retourne le profil mis à jour" time="0.0002222">
        </testcase>
        <testcase classname="tests/auth/auth.service.test.ts" name="auth.service &gt; deleteAccount supprime /me avec le token" time="0.00017">
        </testcase>
        <testcase classname="tests/auth/auth.service.test.ts" name="auth.service &gt; changePassword envoie la requête vers /me/change-password" time="0.0001676">
        </testcase>
        <testcase classname="tests/auth/auth.service.test.ts" name="auth.service &gt; redirectToProvider redirige vers les URLs configurées" time="0.0003281">
        </testcase>
        <testcase classname="tests/auth/auth.service.test.ts" name="auth.service &gt; expose les URLs des providers" time="0.0000828">
        </testcase>
    </testsuite>
    <testsuite name="tests/auth/auth.store.test.ts" timestamp="2025-11-24T09:14:11.669Z" hostname="CLEMENT" tests="7" failures="0" errors="0" skipped="0" time="0.0076518">
        <testcase classname="tests/auth/auth.store.test.ts" name="useAuthStore &gt; login stocke les tokens et le user" time="0.0032153">
        </testcase>
        <testcase classname="tests/auth/auth.store.test.ts" name="useAuthStore &gt; fetchProfile met à jour le user lorsque le token est présent" time="0.0009386">
        </testcase>
        <testcase classname="tests/auth/auth.store.test.ts" name="useAuthStore &gt; registerUser délègue à register et retourne la réponse" time="0.0005414">
        </testcase>
        <testcase classname="tests/auth/auth.store.test.ts" name="useAuthStore &gt; updateProfile nécessite un token et met à jour le store" time="0.0004357">
        </testcase>
        <testcase classname="tests/auth/auth.store.test.ts" name="useAuthStore &gt; deleteAccount supprime le compte puis nettoie le state" time="0.0004643">
        </testcase>
        <testcase classname="tests/auth/auth.store.test.ts" name="useAuthStore &gt; changePassword exige un token" time="0.0003779">
        </testcase>
        <testcase classname="tests/auth/auth.store.test.ts" name="useAuthStore &gt; changePassword rejette si aucun token n’est présent" time="0.0009006">
        </testcase>
    </testsuite>
</testsuites>
